app/build/intermediates/manifest_merge_blame_file/debug/manifest-merger-blame-debug-report.txt
1<?xml version="1.0" encoding="utf-8"?>
2<manifest xmlns:android="http://schemas.android.com/apk/res/android"
3    package="com.dron.colombia"
4    android:versionCode="1"
5    android:versionName="1.0" >
6
7    <uses-sdk
8        android:minSdkVersion="21"
8-->src\main\AndroidManifest.xml
9        android:targetSdkVersion="32" />
9-->src\main\AndroidManifest.xml
10
11    <uses-permission android:name="android.permission.INTERNET" />
11-->src\main\AndroidManifest.xml:5:5-66
11-->src\main\AndroidManifest.xml:5:22-64
12
13    <!-- Include required permissions for Google Maps API to run. -->
14    <uses-permission android:name="android.permission.ACCESS_NETWORK_STATE" />
14-->[com.google.android.gms:play-services-maps:18.0.2] AndroidManifest.xml:23:5-79
14-->[com.google.android.gms:play-services-maps:18.0.2] AndroidManifest.xml:23:22-76
15
16    <uses-feature
16-->[com.google.android.gms:play-services-maps:18.0.2] AndroidManifest.xml:26:5-28:35
17        android:glEsVersion="0x00020000"
17-->[com.google.android.gms:play-services-maps:18.0.2] AndroidManifest.xml:27:9-41
18        android:required="true" />
18-->[com.google.android.gms:play-services-maps:18.0.2] AndroidManifest.xml:28:9-32
19
20    <queries>
20-->[com.google.android.gms:play-services-maps:18.0.2] AndroidManifest.xml:30:5-34:15
21
22        <!-- Needs to be explicitly declared on Android R+ -->
23        <package android:name="com.google.android.apps.maps" />
23-->[com.google.android.gms:play-services-maps:18.0.2] AndroidManifest.xml:33:9-64
23-->[com.google.android.gms:play-services-maps:18.0.2] AndroidManifest.xml:33:18-61
24    </queries>
25
26    <application
26-->src\main\AndroidManifest.xml:7:5-36:19
27        android:allowBackup="true"
27-->src\main\AndroidManifest.xml:8:9-35
28        android:appComponentFactory="androidx.core.app.CoreComponentFactory"
28-->[androidx.core:core:1.8.0] AndroidManifest.xml:24:18-86
29        android:dataExtractionRules="@xml/data_extraction_rules"
29-->src\main\AndroidManifest.xml:9:9-65
30        android:debuggable="true"
31        android:fullBackupContent="@xml/backup_rules"
31-->src\main\AndroidManifest.xml:10:9-54
32        android:icon="@mipmap/ic_launcher"
32-->src\main\AndroidManifest.xml:11:9-43
33        android:label="@string/app_name"
33-->src\main\AndroidManifest.xml:12:9-41
34        android:roundIcon="@drawable/dron"
34-->src\main\AndroidManifest.xml:13:9-43
35        android:supportsRtl="true"
35-->src\main\AndroidManifest.xml:14:9-35
36        android:testOnly="true"
37        android:theme="@style/Theme.dron" >
37-->src\main\AndroidManifest.xml:15:9-42
38        <meta-data
38-->src\main\AndroidManifest.xml:17:9-19:71
39            android:name="com.google.android.geo.API_KEY"
39-->src\main\AndroidManifest.xml:18:13-58
40            android:value="AIzaSyBBpHGuCDdYXIUYv5ulJGTpjyhjHZ2tcuQ" />
40-->src\main\AndroidManifest.xml:19:13-68
41
42        <activity
42-->src\main\AndroidManifest.xml:20:9-35:20
43            android:name="com.dron.colombia.MainActivity"
43-->src\main\AndroidManifest.xml:21:13-41
44            android:exported="true"
44-->src\main\AndroidManifest.xml:22:13-36
45            android:label="@string/app_name"
45-->src\main\AndroidManifest.xml:23:13-45
46            android:theme="@style/Theme.dron" >
46-->src\main\AndroidManifest.xml:24:13-46
47            <intent-filter>
47-->src\main\AndroidManifest.xml:26:13-30:29
48                <action android:name="android.intent.action.MAIN" />
48-->src\main\AndroidManifest.xml:27:17-69
48-->src\main\AndroidManifest.xml:27:25-66
49
50                <category android:name="android.intent.category.LAUNCHER" />
50-->src\main\AndroidManifest.xml:29:17-77
50-->src\main\AndroidManifest.xml:29:27-74
51            </intent-filter>
52
53            <meta-data
53-->src\main\AndroidManifest.xml:32:13-34:36
54                android:name="android.app.lib_name"
54-->src\main\AndroidManifest.xml:33:17-52
55                android:value="" />
55-->src\main\AndroidManifest.xml:34:17-33
56        </activity>
57        <activity
57-->[androidx.compose.ui:ui-tooling:1.1.1] AndroidManifest.xml:25:9-27:39
58            android:name="androidx.compose.ui.tooling.PreviewActivity"
58-->[androidx.compose.ui:ui-tooling:1.1.1] AndroidManifest.xml:26:13-71
59            android:exported="true" />
59-->[androidx.compose.ui:ui-tooling:1.1.1] AndroidManifest.xml:27:13-36
60        <activity
60-->[androidx.compose.ui:ui-test-manifest:1.1.1] AndroidManifest.xml:25:9-27:39
61            android:name="androidx.activity.ComponentActivity"
61-->[androidx.compose.ui:ui-test-manifest:1.1.1] AndroidManifest.xml:26:13-63
62            android:exported="true" /> <!-- Needs to be explicitly declared on P+ -->
62-->[androidx.compose.ui:ui-test-manifest:1.1.1] AndroidManifest.xml:27:13-36
63        <uses-library
63-->[com.google.android.gms:play-services-maps:18.0.2] AndroidManifest.xml:39:9-41:40
64            android:name="org.apache.http.legacy"
64-->[com.google.android.gms:play-services-maps:18.0.2] AndroidManifest.xml:40:13-50
65            android:required="false" />
65-->[com.google.android.gms:play-services-maps:18.0.2] AndroidManifest.xml:41:13-37
66
67        <activity
67-->[com.google.android.gms:play-services-base:18.0.1] AndroidManifest.xml:20:9-22:45
68            android:name="com.google.android.gms.common.api.GoogleApiActivity"
68-->[com.google.android.gms:play-services-base:18.0.1] AndroidManifest.xml:20:19-85
69            android:exported="false"
69-->[com.google.android.gms:play-services-base:18.0.1] AndroidManifest.xml:22:19-43
70            android:theme="@android:style/Theme.Translucent.NoTitleBar" />
70-->[com.google.android.gms:play-services-base:18.0.1] AndroidManifest.xml:21:19-78
71
72        <meta-data
72-->[com.google.android.gms:play-services-basement:18.0.0] AndroidManifest.xml:21:9-23:69
73            android:name="com.google.android.gms.version"
73-->[com.google.android.gms:play-services-basement:18.0.0] AndroidManifest.xml:22:13-58
74            android:value="@integer/google_play_services_version" />
74-->[com.google.android.gms:play-services-basement:18.0.0] AndroidManifest.xml:23:13-66
75
76        <provider
76-->[androidx.profileinstaller:profileinstaller:1.1.0] AndroidManifest.xml:26:9-34:20
77            android:name="androidx.startup.InitializationProvider"
77-->[androidx.profileinstaller:profileinstaller:1.1.0] AndroidManifest.xml:27:13-67
78            android:authorities="com.dron.colombia.androidx-startup"
78-->[androidx.profileinstaller:profileinstaller:1.1.0] AndroidManifest.xml:28:13-68
79            android:exported="false" >
79-->[androidx.profileinstaller:profileinstaller:1.1.0] AndroidManifest.xml:29:13-37
80            <meta-data
80-->[androidx.profileinstaller:profileinstaller:1.1.0] AndroidManifest.xml:31:13-33:52
81                android:name="androidx.profileinstaller.ProfileInstallerInitializer"
81-->[androidx.profileinstaller:profileinstaller:1.1.0] AndroidManifest.xml:32:17-85
82                android:value="androidx.startup" />
82-->[androidx.profileinstaller:profileinstaller:1.1.0] AndroidManifest.xml:33:17-49
83        </provider>
84
85        <receiver
85-->[androidx.profileinstaller:profileinstaller:1.1.0] AndroidManifest.xml:36:9-45:20
86            android:name="androidx.profileinstaller.ProfileInstallReceiver"
86-->[androidx.profileinstaller:profileinstaller:1.1.0] AndroidManifest.xml:37:13-76
87            android:directBootAware="false"
87-->[androidx.profileinstaller:profileinstaller:1.1.0] AndroidManifest.xml:38:13-44
88            android:enabled="true"
88-->[androidx.profileinstaller:profileinstaller:1.1.0] AndroidManifest.xml:39:13-35
89            android:exported="true"
89-->[androidx.profileinstaller:profileinstaller:1.1.0] AndroidManifest.xml:40:13-36
90            android:permission="android.permission.DUMP" >
90-->[androidx.profileinstaller:profileinstaller:1.1.0] AndroidManifest.xml:41:13-57
91            <intent-filter>
91-->[androidx.profileinstaller:profileinstaller:1.1.0] AndroidManifest.xml:42:13-44:29
92                <action android:name="androidx.profileinstaller.action.INSTALL_PROFILE" />
92-->[androidx.profileinstaller:profileinstaller:1.1.0] AndroidManifest.xml:43:17-91
92-->[androidx.profileinstaller:profileinstaller:1.1.0] AndroidManifest.xml:43:25-88
93            </intent-filter>
94        </receiver>
95    </application>
96
97</manifest>